Scenario - 
Logfile written - 06/22/2013 13:14:11

Subject	Trial	Event Type	Code	Time	TTime	Uncertainty	Duration	Uncertainty	ReqTime	ReqDur	Stim Type	Pair Index

evnka101_1passive	1	Sound	standard	43075	0	2			0		other	0
evnka101_1passive	2	Sound	standard	54144	0	1			0		other	0
evnka101_1passive	3	Sound	standard	65453	0	1			0		other	0
evnka101_1passive	4	Sound	standard	76884	0	1			0		other	0
evnka101_1passive	5	Sound	standard	89283	0	1			0		other	0
evnka101_1passive	6	Sound	standard	101843	0	2			0		other	0
evnka101_1passive	7	Sound	standard	113773	0	1			0		other	0
evnka101_1passive	8	Sound	deviant	125003	0	1			0		other	0
evnka101_1passive	9	Sound	standard	136792	0	2			0		other	0
evnka101_1passive	10	Sound	standard	148762	0	2			0		other	0
evnka101_1passive	11	Sound	deviant	159702	0	1			0		other	0
evnka101_1passive	12	Sound	standard	171742	0	1			0		other	0
evnka101_1passive	13	Sound	standard	183281	0	2			0		other	0
evnka101_1passive	14	Sound	standard	194281	0	1			0		other	0
evnka101_1passive	15	Sound	standard	205091	0	1			0		other	0
evnka101_1passive	16	Sound	deviant	217270	0	1			0		other	0
evnka101_1passive	17	Sound	standard	228710	0	1			0		other	0
evnka101_1passive	18	Sound	standard	239840	0	2			0		other	0
evnka101_1passive	19	Sound	standard	252310	0	1			0		other	0
evnka101_1passive	20	Sound	standard	264660	0	2			0		other	0
evnka101_1passive	21	Sound	standard	275600	0	1			0		other	0
evnka101_1passive	22	Sound	standard	286360	0	2			0		other	0
evnka101_1passive	23	Sound	standard	299080	0	2			0		other	0
evnka101_1passive	24	Sound	standard	310900	0	1			0		other	0
evnka101_1passive	25	Sound	deviant	322090	0	1			0		other	0
evnka101_1passive	26	Sound	standard	333610	0	1			0		other	0
evnka101_1passive	27	Sound	standard	344900	0	1			0		other	0
evnka101_1passive	28	Sound	standard	357199	0	1			0		other	0
evnka101_1passive	29	Sound	standard	368838	0	2			0		other	0
evnka101_1passive	30	Sound	standard	380588	0	1			0		other	0
evnka101_1passive	31	Sound	standard	391708	0	1			0		other	0
evnka101_1passive	32	Sound	standard	402547	0	2			0		other	0
evnka101_1passive	33	Sound	standard	414147	0	2			0		other	0
evnka101_1passive	34	Sound	standard	425607	0	1			0		other	0
evnka101_1passive	35	Sound	standard	437407	0	2			0		other	0
evnka101_1passive	36	Sound	deviant	449997	0	2			0		other	0
evnka101_1passive	37	Sound	standard	460987	0	2			0		other	0
evnka101_1passive	38	Sound	standard	472257	0	2			0		other	0
evnka101_1passive	39	Sound	deviant	483127	0	2			0		other	0
evnka101_1passive	40	Sound	standard	494357	0	2			0		other	0
evnka101_1passive	41	Sound	standard	507037	0	1			0		other	0
evnka101_1passive	42	Sound	standard	518687	0	2			0		other	0
evnka101_1passive	43	Sound	standard	530637	0	1			0		other	0
evnka101_1passive	44	Sound	standard	542976	0	1			0		other	0
evnka101_1passive	45	Sound	standard	554166	0	1			0		other	0
evnka101_1passive	46	Sound	standard	566786	0	1			0		other	0
evnka101_1passive	47	Sound	standard	578665	0	2			0		other	0
evnka101_1passive	48	Sound	standard	591205	0	1			0		other	0
evnka101_1passive	49	Sound	standard	603085	0	2			0		other	0
evnka101_1passive	50	Sound	standard	614285	0	2			0		other	0
evnka101_1passive	51	Sound	standard	626065	0	2			0		other	0
evnka101_1passive	52	Sound	standard	638505	0	1			0		other	0
evnka101_1passive	53	Sound	standard	650005	0	2			0		other	0
evnka101_1passive	54	Sound	standard	661215	0	1			0		other	0
evnka101_1passive	55	Sound	standard	672315	0	2			0		other	0
evnka101_1passive	56	Sound	standard	685025	0	1			0		other	0
evnka101_1passive	57	Sound	deviant	696145	0	1			0		other	0
evnka101_1passive	58	Sound	standard	707084	0	2			0		other	0
evnka101_1passive	59	Sound	standard	719174	0	2			0		other	0
evnka101_1passive	60	Sound	standard	731064	0	1			0		other	0
evnka101_1passive	61	Sound	standard	742523	0	2			0		other	0
evnka101_1passive	62	Sound	standard	754003	0	1			0		other	0
evnka101_1passive	63	Sound	deviant	765272	0	2			0		other	0
evnka101_1passive	64	Sound	standard	777972	0	2			0		other	0
evnka101_1passive	65	Sound	standard	790522	0	2			0		other	0
evnka101_1passive	66	Sound	standard	802612	0	2			0		other	0
evnka101_1passive	67	Sound	standard	814362	0	1			0		other	0
evnka101_1passive	68	Sound	standard	826571	0	2			0		other	0
evnka101_1passive	69	Sound	standard	838301	0	1			0		other	0
evnka101_1passive	70	Sound	standard	849691	0	2			0		other	0
evnka101_1passive	71	Sound	standard	861911	0	1			0		other	0
evnka101_1passive	72	Sound	standard	873120	0	1			0		other	0
evnka101_1passive	73	Sound	standard	885090	0	2			0		other	0
evnka101_1passive	74	Sound	standard	897200	0	2			0		other	0
evnka101_1passive	75	Sound	standard	909340	0	2			0		other	0
evnka101_1passive	76	Sound	standard	920790	0	2			0		other	0
evnka101_1passive	77	Sound	standard	932620	0	2			0		other	0
evnka101_1passive	78	Sound	deviant	945100	0	2			0		other	0
evnka101_1passive	79	Sound	standard	957270	0	2			0		other	0
evnka101_1passive	80	Sound	standard	969390	0	1			0		other	0
evnka101_1passive	81	Sound	standard	980310	0	2			0		other	0
evnka101_1passive	82	Sound	standard	993010	0	1			0		other	0
evnka101_1passive	83	Sound	standard	1005289	0	2			0		other	0
evnka101_1passive	84	Sound	standard	1017050	0	1			0		other	0
evnka101_1passive	85	Sound	deviant	1028038	0	1			0		other	0
evnka101_1passive	86	Sound	standard	1039378	0	1			0		other	0
evnka101_1passive	87	Sound	standard	1051547	0	2			0		other	0
evnka101_1passive	88	Sound	standard	1062337	0	2			0		other	0
evnka101_1passive	89	Sound	deviant	1073277	0	1			0		other	0
evnka101_1passive	90	Sound	standard	1084277	0	1			0		other	0
evnka101_1passive	91	Sound	standard	1095297	0	1			0		other	0
evnka101_1passive	92	Sound	standard	1106877	0	1			0		other	0
evnka101_1passive	93	Sound	standard	1118288	0	1			0		other	0
evnka101_1passive	94	Sound	standard	1130367	0	1			0		other	0
evnka101_1passive	95	Sound	standard	1141207	0	1			0		other	0
evnka101_1passive	96	Sound	standard	1153436	0	1			0		other	0
evnka101_1passive	97	Sound	standard	1164516	0	1			0		other	0
evnka101_1passive	98	Sound	standard	1176655	0	1			0		other	0
evnka101_1passive	99	Sound	standard	1188305	0	2			0		other	0
evnka101_1passive	100	Sound	standard	1199575	0	1			0		other	0
evnka101_1passive	101	Sound	standard	1211305	0	2			0		other	0
evnka101_1passive	102	Sound	standard	1223435	0	2			0		other	0
evnka101_1passive	103	Sound	standard	1234905	0	2			0		other	0
evnka101_1passive	104	Sound	deviant	1247495	0	2			0		other	0
evnka101_1passive	105	Sound	standard	1260135	0	2			0		other	0
evnka101_1passive	106	Sound	standard	1271315	0	2			0		other	0
evnka101_1passive	107	Sound	standard	1283715	0	2			0		other	0
evnka101_1passive	108	Sound	standard	1295215	0	1			0		other	0
evnka101_1passive	109	Sound	standard	1306374	0	2			0		other	0
evnka101_1passive	110	Sound	standard	1317234	0	2			0		other	0
evnka101_1passive	111	Sound	standard	1328224	0	1			0		other	0
evnka101_1passive	112	Sound	standard	1339974	0	2			0		other	0
evnka101_1passive	113	Sound	standard	1351064	0	2			0		other	0
evnka101_1passive	114	Sound	standard	1363124	0	1			0		other	0
evnka101_1passive	115	Sound	deviant	1374273	0	2			0		other	0
evnka101_1passive	116	Sound	standard	1385483	0	2			0		other	0
evnka101_1passive	117	Sound	standard	1396873	0	2			0		other	0
evnka101_1passive	118	Sound	standard	1408573	0	2			0		other	0
evnka101_1passive	119	Sound	standard	1419473	0	2			0		other	0
evnka101_1passive	120	Sound	standard	1430453	0	2			0		other	0
evnka101_1passive	121	Sound	standard	1442723	0	2			0		other	0
evnka101_1passive	122	Sound	standard	1453713	0	1			0		other	0
evnka101_1passive	123	Sound	standard	1464703	0	1			0		other	0
evnka101_1passive	124	Sound	deviant	1475833	0	1			0		other	0
evnka101_1passive	125	Sound	standard	1488343	0	2			0		other	0
evnka101_1passive	126	Sound	standard	1500062	0	1			0		other	0
evnka101_1passive	127	Sound	standard	1512452	0	2			0		other	0
evnka101_1passive	128	Sound	standard	1523552	0	2			0		other	0
evnka101_1passive	129	Sound	standard	1534912	0	2			0		other	0
evnka101_1passive	130	Sound	standard	1546932	0	2			0		other	0
evnka101_1passive	131	Sound	standard	1558812	0	2			0		other	0
evnka101_1passive	132	Sound	standard	1570622	0	2			0		other	0
evnka101_1passive	133	Sound	standard	1581822	0	2			0		other	0
evnka101_1passive	134	Sound	standard	1593303	0	1			0		other	0
evnka101_1passive	135	Sound	standard	1605452	0	2			0		other	0
evnka101_1passive	136	Sound	deviant	1617452	0	2			0		other	0
evnka101_1passive	137	Sound	standard	1628282	0	2			0		other	0
evnka101_1passive	138	Sound	standard	1640132	0	2			0		other	0
evnka101_1passive	139	Sound	deviant	1651492	0	1			0		other	0
evnka101_1passive	140	Sound	standard	1663981	0	2			0		other	0
evnka101_1passive	141	Sound	standard	1674771	0	2			0		other	0
evnka101_1passive	142	Sound	standard	1686621	0	1			0		other	0
evnka101_1passive	143	Sound	standard	1699140	0	1			0		other	0
evnka101_1passive	144	Sound	standard	1711130	0	2			0		other	0
evnka101_1passive	145	Sound	deviant	1723640	0	2			0		other	0
evnka101_1passive	146	Sound	standard	1736180	0	1			0		other	0
evnka101_1passive	147	Sound	standard	1748170	0	1			0		other	0
evnka101_1passive	148	Sound	standard	1760260	0	2			0		other	0
evnka101_1passive	149	Sound	standard	1771800	0	2			0		other	0
evnka101_1passive	150	Sound	standard	1784220	0	1			0		other	0
evnka101_1passive	151	Sound	standard	1796789	0	2			0		other	0
evnka101_1passive	152	Sound	standard	1808869	0	2			0		other	0
evnka101_1passive	153	Sound	standard	1821339	0	1			0		other	0
evnka101_1passive	154	Sound	standard	1832569	0	1			0		other	0
evnka101_1passive	155	Sound	standard	1844436	0	8			0		other	0
evnka101_1passive	156	Sound	standard	1856490	0	1			0		other	0
evnka101_1passive	157	Sound	standard	1868549	0	1			0		other	0
evnka101_1passive	158	Sound	deviant	1881269	0	1			0		other	0
evnka101_1passive	159	Sound	standard	1892309	0	2			0		other	0
evnka101_1passive	160	Sound	standard	1904579	0	1			0		other	0
evnka101_1passive	161	Sound	standard	1915599	0	2			0		other	0
evnka101_1passive	162	Sound	deviant	1927469	0	1			0		other	0
evnka101_1passive	163	Sound	standard	1939979	0	1			0		other	0
evnka101_1passive	164	Sound	standard	1950769	0	2			0		other	0
evnka101_1passive	165	Sound	standard	1963159	0	1			0		other	0
evnka101_1passive	166	Sound	deviant	1975739	0	2			0		other	0
evnka101_1passive	167	Sound	standard	1987609	0	2			0		other	0
evnka101_1passive	168	Sound	standard	1999669	0	2			0		other	0
evnka101_1passive	169	Sound	standard	2011799	0	2			0		other	0
evnka101_1passive	170	Sound	deviant	2024269	0	2			0		other	0
evnka101_1passive	171	Sound	standard	2036029	0	1			0		other	0
evnka101_1passive	172	Sound	standard	2046818	0	2			0		other	0
evnka101_1passive	173	Sound	standard	2059448	0	1			0		other	0
evnka101_1passive	174	Sound	standard	2070968	0	1			0		other	0
evnka101_1passive	175	Sound	standard	2082838	0	2			0		other	0
evnka101_1passive	176	Sound	standard	2094148	0	1			0		other	0
evnka101_1passive	177	Sound	standard	2106328	0	2			0		other	0
evnka101_1passive	178	Sound	standard	2117918	0	2			0		other	0
evnka101_1passive	179	Sound	deviant	2129888	0	2			0		other	0
evnka101_1passive	180	Sound	standard	2140818	0	2			0		other	0
evnka101_1passive	181	Sound	standard	2153298	0	1			0		other	0
evnka101_1passive	182	Sound	standard	2165597	0	2			0		other	0
evnka101_1passive	183	Sound	deviant	2177877	0	2			0		other	0
evnka101_1passive	184	Sound	standard	2190217	0	2			0		other	0
evnka101_1passive	185	Sound	standard	2202717	0	2			0		other	0
evnka101_1passive	186	Sound	standard	2214067	0	1			0		other	0
evnka101_1passive	187	Sound	standard	2225236	0	2			0		other	0
evnka101_1passive	188	Sound	deviant	2236926	0	2			0		other	0
evnka101_1passive	189	Sound	standard	2248407	0	1			0		other	0
evnka101_1passive	190	Sound	standard	2260306	0	2			0		other	0
evnka101_1passive	191	Sound	standard	2272376	0	1			0		other	0
evnka101_1passive	192	Sound	standard	2284036	0	2			0		other	0
evnka101_1passive	193	Sound	standard	2294936	0	2			0		other	0
evnka101_1passive	194	Sound	standard	2306346	0	2			0		other	0
evnka101_1passive	195	Sound	standard	2317916	0	2			0		other	0
evnka101_1passive	196	Sound	standard	2330096	0	1			0		other	0
evnka101_1passive	197	Sound	standard	2341936	0	2			0		other	0
evnka101_1passive	198	Sound	standard	2354586	0	2			0		other	0
evnka101_1passive	199	Sound	standard	2366226	0	2			0		other	0
evnka101_1passive	200	Sound	standard	2377436	0	2			0		other	0
evnka101_1passive	201	Sound	standard	2388955	0	1			0		other	0
evnka101_1passive	202	Sound	deviant	2401624	0	2			0		other	0
evnka101_1passive	203	Sound	standard	2413124	0	2			0		other	0
evnka101_1passive	204	Sound	standard	2424885	0	1			0		other	0
evnka101_1passive	205	Sound	standard	2436275	0	1			0		other	0
evnka101_1passive	206	Sound	standard	2447314	0	2			0		other	0
evnka101_1passive	207	Sound	standard	2458574	0	1			0		other	0
evnka101_1passive	208	Sound	standard	2471254	0	2			0		other	0
evnka101_1passive	209	Sound	deviant	2482664	0	1			0		other	0
evnka101_1passive	210	Sound	standard	2494034	0	2			0		other	0
evnka101_1passive	211	Sound	standard	2506314	0	2			0		other	0
evnka101_1passive	212	Sound	standard	2518434	0	2			0		other	0
evnka101_1passive	213	Sound	standard	2529734	0	2			0		other	0
evnka101_1passive	214	Sound	standard	2541234	0	2			0		other	0
evnka101_1passive	215	Sound	standard	2552424	0	2			0		other	0
evnka101_1passive	216	Sound	standard	2563494	0	2			0		other	0
evnka101_1passive	217	Sound	standard	2574594	0	1			0		other	0
evnka101_1passive	218	Sound	standard	2585683	0	1			0		other	0
evnka101_1passive	219	Sound	deviant	2597773	0	2			0		other	0
evnka101_1passive	220	Sound	standard	2608823	0	1			0		other	0
evnka101_1passive	221	Sound	standard	2620923	0	1			0		other	0
evnka101_1passive	222	Sound	standard	2633382	0	2			0		other	0
evnka101_1passive	223	Sound	deviant	2645982	0	1			0		other	0
evnka101_1passive	224	Sound	standard	2657222	0	1			0		other	0
evnka101_1passive	225	Sound	standard	2669922	0	2			0		other	0
evnka101_1passive	226	Sound	standard	2681571	0	2			0		other	0
evnka101_1passive	227	Sound	standard	2692931	0	1			0		other	0
evnka101_1passive	228	Sound	standard	2705231	0	1			0		other	0
evnka101_1passive	229	Sound	deviant	2716511	0	1			0		other	0
evnka101_1passive	230	Sound	standard	2727681	0	2			0		other	0
evnka101_1passive	231	Sound	standard	2739861	0	2			0		other	0
evnka101_1passive	232	Sound	standard	2752111	0	1			0		other	0
evnka101_1passive	233	Sound	standard	2763521	0	1			0		other	0
evnka101_1passive	234	Sound	standard	2774731	0	1			0		other	0
evnka101_1passive	235	Sound	standard	2787130	0	2			0		other	0
evnka101_1passive	236	Sound	standard	2798260	0	1			0		other	0
evnka101_1passive	237	Sound	deviant	2810820	0	2			0		other	0
evnka101_1passive	238	Sound	standard	2822540	0	2			0		other	0
evnka101_1passive	239	Sound	standard	2833550	0	2			0		other	0
evnka101_1passive	240	Sound	standard	2844760	0	1			0		other	0
evnka101_1passive	241	Sound	standard	2855800	0	2			0		other	0
evnka101_1passive	242	Sound	standard	2867790	0	2			0		other	0
evnka101_1passive	243	Sound	standard	2879210	0	2			0		other	0
evnka101_1passive	244	Sound	deviant	2891310	0	2			0		other	0
evnka101_1passive	245	Sound	standard	2903620	0	2			0		other	0
evnka101_1passive	246	Sound	standard	2915670	0	1			0		other	0
evnka101_1passive	247	Sound	standard	2927310	0	2			0		other	0
evnka101_1passive	248	Sound	standard	2940020	0	2			0		other	0
evnka101_1passive	249	Sound	standard	2951210	0	2			0		other	0
evnka101_1passive	250	Sound	standard	2962970	0	2			0		other	0
evnka101_1passive	251	Sound	standard	2974691	0	1			0		other	0
evnka101_1passive	252	Sound	deviant	2986680	0	2			0		other	0
evnka101_1passive	253	Sound	standard	2998560	0	2			0		other	0
evnka101_1passive	254	Sound	standard	3010740	0	1			0		other	0
evnka101_1passive	255	Sound	deviant	3021779	0	1			0		other	0
evnka101_1passive	256	Sound	standard	3034398	0	1			0		other	0
evnka101_1passive	257	Sound	standard	3046238	0	1			0		other	0
evnka101_1passive	258	Sound	standard	3058658	0	1			0		other	0
evnka101_1passive	259	Sound	standard	3070177	0	2			0		other	0
evnka101_1passive	260	Sound	deviant	3081187	0	1			0		other	0
evnka101_1passive	261	Sound	standard	3092146	0	2			0		other	0
evnka101_1passive	262	Sound	standard	3104626	0	2			0		other	0
evnka101_1passive	263	Sound	standard	3116556	0	2			0		other	0
evnka101_1passive	264	Sound	deviant	3128436	0	2			0		other	0
evnka101_1passive	265	Sound	standard	3139606	0	2			0		other	0
evnka101_1passive	266	Sound	standard	3151636	0	2			0		other	0
evnka101_1passive	267	Sound	standard	3162727	0	1			0		other	0
evnka101_1passive	268	Sound	deviant	3174266	0	1			0		other	0
evnka101_1passive	269	Sound	standard	3185866	0	2			0		other	0
evnka101_1passive	270	Sound	standard	3196696	0	2			0		other	0
evnka101_1passive	271	Sound	standard	3208186	0	1			0		other	0
evnka101_1passive	272	Sound	deviant	3219146	0	2			0		other	0
evnka101_1passive	273	Sound	standard	3230396	0	2			0		other	0
evnka101_1passive	274	Sound	standard	3241186	0	2			0		other	0
evnka101_1passive	275	Sound	standard	3252666	0	1			0		other	0
evnka101_1passive	276	Sound	standard	3264746	0	2			0		other	0
evnka101_1passive	277	Sound	standard	3277376	0	1			0		other	0
evnka101_1passive	278	Sound	standard	3290036	0	2			0		other	0
evnka101_1passive	279	Sound	standard	3300966	0	2			0		other	0
evnka101_1passive	280	Sound	deviant	3312236	0	2			0		other	0
evnka101_1passive	281	Sound	standard	3323946	0	2			0		other	0
evnka101_1passive	282	Sound	standard	3335036	0	2			0		other	0
evnka101_1passive	283	Sound	standard	3347706	0	2			0		other	0
evnka101_1passive	284	Sound	standard	3358786	0	1			0		other	0
evnka101_1passive	285	Sound	deviant	3371275	0	2			0		other	0
evnka101_1passive	286	Sound	standard	3383615	0	1			0		other	0
evnka101_1passive	287	Sound	standard	3396305	0	2			0		other	0
evnka101_1passive	288	Sound	standard	3407936	0	1			0		other	0
evnka101_1passive	289	Sound	standard	3420595	0	2			0		other	0
evnka101_1passive	290	Sound	deviant	3432775	0	2			0		other	0
evnka101_1passive	291	Sound	standard	3444075	0	1			0		other	0
evnka101_1passive	292	Sound	standard	3456385	0	2			0		other	0
evnka101_1passive	293	Sound	deviant	3468654	0	2			0		other	0
evnka101_1passive	294	Sound	standard	3481354	0	1			0		other	0
evnka101_1passive	295	Sound	standard	3492273	0	1			0		other	0
evnka101_1passive	296	Sound	deviant	3503823	0	2			0		other	0
evnka101_1passive	297	Sound	standard	3516563	0	1			0		other	0
evnka101_1passive	298	Sound	standard	3527762	0	2			0		other	0
evnka101_1passive	299	Sound	deviant	3539812	0	1			0		other	0
evnka101_1passive	300	Sound	standard	3550902	0	1			0		other	0
evnka101_1passive	301	Sound	standard	3563502	0	1			0		other	0
evnka101_1passive	302	Sound	standard	3574962	0	2			0		other	0
evnka101_1passive	303	Sound	standard	3585792	0	2			0		other	0
evnka101_1passive	304	Sound	standard	3596622	0	2			0		other	0
evnka101_1passive	305	Sound	standard	3607652	0	2			0		other	0
evnka101_1passive	306	Sound	deviant	3618902	0	1			0		other	0
evnka101_1passive	307	Sound	standard	3630572	0	2			0		other	0
evnka101_1passive	308	Sound	standard	3641412	0	1			0		other	0
evnka101_1passive	309	Sound	standard	3652871	0	2			0		other	0
evnka101_1passive	310	Sound	standard	3665161	0	2			0		other	0
evnka101_1passive	311	Sound	standard	3676471	0	2			0		other	0
evnka101_1passive	312	Sound	standard	3688581	0	2			0		other	0
evnka101_1passive	313	Sound	deviant	3701331	0	2			0		other	0
evnka101_1passive	314	Sound	standard	3713181	0	2			0		other	0
evnka101_1passive	315	Sound	standard	3724501	0	2			0		other	0
evnka101_1passive	316	Sound	standard	3735571	0	1			0		other	0
evnka101_1passive	317	Sound	standard	3747270	0	2			0		other	0
evnka101_1passive	318	Sound	deviant	3759140	0	2			0		other	0
evnka101_1passive	319	Sound	standard	3769930	0	2			0		other	0
evnka101_1passive	320	Sound	standard	3782590	0	2			0		other	0
evnka101_1passive	321	Sound	deviant	3795110	0	1			0		other	0
evnka101_1passive	322	Sound	standard	3806029	0	1			0		other	0
evnka101_1passive	323	Sound	standard	3818679	0	2			0		other	0
evnka101_1passive	324	Sound	deviant	3829479	0	2			0		other	0
evnka101_1passive	325	Sound	standard	3840589	0	2			0		other	0
evnka101_1passive	326	Sound	standard	3852809	0	2			0		other	0
evnka101_1passive	327	Sound	deviant	3864969	0	1			0		other	0
evnka101_1passive	328	Sound	standard	3877178	0	2			0		other	0
evnka101_1passive	329	Sound	standard	3888528	0	2			0		other	0
evnka101_1passive	330	Sound	standard	3899628	0	2			0		other	0
evnka101_1passive	331	Sound	standard	3910898	0	1			0		other	0
evnka101_1passive	332	Sound	standard	3923048	0	2			0		other	0
evnka101_1passive	333	Sound	deviant	3934229	0	1			0		other	0
evnka101_1passive	334	Sound	standard	3946768	0	2			0		other	0
evnka101_1passive	335	Sound	standard	3959158	0	2			0		other	0
evnka101_1passive	336	Sound	standard	3971678	0	2			0		other	0
evnka101_1passive	337	Sound	standard	3984258	0	2			0		other	0
evnka101_1passive	338	Sound	standard	3995708	0	1			0		other	0
evnka101_1passive	339	Sound	standard	4007188	0	1			0		other	0
evnka101_1passive	340	Sound	deviant	4018888	0	2			0		other	0
evnka101_1passive	341	Sound	standard	4030578	0	2			0		other	0
evnka101_1passive	342	Sound	standard	4043188	0	2			0		other	0
evnka101_1passive	343	Sound	standard	4055108	0	2			0		other	0
evnka101_1passive	344	Sound	deviant	4066868	0	2			0		other	0
evnka101_1passive	345	Sound	standard	4077618	0	1			0		other	0
evnka101_1passive	346	Sound	standard	4088988	0	2			0		other	0
evnka101_1passive	347	Sound	standard	4099928	0	1			0		other	0
evnka101_1passive	348	Sound	standard	4111188	0	2			0		other	0
evnka101_1passive	349	Sound	standard	4122988	0	2			0		other	0
evnka101_1passive	350	Sound	standard	4135058	0	2			0		other	0
evnka101_1passive	351	Sound	standard	4146848	0	1			0		other	0
evnka101_1passive	352	Sound	standard	4158767	0	1			0		other	0
evnka101_1passive	353	Sound	deviant	4170637	0	2			0		other	0
evnka101_1passive	354	Sound	standard	4182897	0	1			0		other	0
evnka101_1passive	355	Sound	standard	4194717	0	1			0		other	0
evnka101_1passive	356	Sound	deviant	4206086	0	2			0		other	0
evnka101_1passive	357	Sound	standard	4217606	0	2			0		other	0
evnka101_1passive	358	Sound	standard	4230336	0	1			0		other	0
evnka101_1passive	359	Sound	standard	4243055	0	2			0		other	0
evnka101_1passive	360	Sound	standard	4255175	0	2			0		other	0
evnka101_1passive	361	Sound	standard	4266145	0	2			0		other	0
evnka101_1passive	362	Sound	standard	4277635	0	1			0		other	0
evnka101_1passive	363	Sound	standard	4289124	0	1			0		other	0
evnka101_1passive	364	Sound	standard	4301233	0	2			0		other	0
evnka101_1passive	365	Sound	deviant	4313193	0	1			0		other	0
evnka101_1passive	366	Sound	standard	4325902	0	1			0		other	0
evnka101_1passive	367	Sound	standard	4338532	0	2			0		other	0
evnka101_1passive	368	Sound	standard	4349442	0	1			0		other	0
evnka101_1passive	369	Sound	standard	4361751	0	2			0		other	0
evnka101_1passive	370	Sound	standard	4372531	0	1			0		other	0
evnka101_1passive	371	Sound	deviant	4384580	0	2			0		other	0
evnka101_1passive	372	Sound	standard	4396291	0	1			0		other	0
evnka101_1passive	373	Sound	standard	4408280	0	2			0		other	0
evnka101_1passive	374	Sound	standard	4420450	0	2			0		other	0
evnka101_1passive	375	Sound	standard	4433160	0	2			0		other	0
evnka101_1passive	376	Sound	standard	4445580	0	2			0		other	0
evnka101_1passive	377	Sound	standard	4457020	0	1			0		other	0
evnka101_1passive	378	Sound	standard	4469320	0	2			0		other	0
evnka101_1passive	379	Sound	standard	4480600	0	2			0		other	0
evnka101_1passive	380	Sound	standard	4492580	0	1			0		other	0
evnka101_1passive	381	Sound	standard	4504789	0	1			0		other	0
evnka101_1passive	382	Sound	standard	4516629	0	1			0		other	0
evnka101_1passive	383	Sound	deviant	4528708	0	2			0		other	0
evnka101_1passive	384	Sound	standard	4541368	0	1			0		other	0
evnka101_1passive	385	Sound	standard	4553487	0	2			0		other	0
evnka101_1passive	386	Sound	standard	4565807	0	1			0		other	0
evnka101_1passive	387	Sound	standard	4577207	0	1			0		other	0
evnka101_1passive	388	Sound	standard	4589867	0	2			0		other	0
evnka101_1passive	389	Sound	standard	4601637	0	1			0		other	0
evnka101_1passive	390	Sound	deviant	4613457	0	1			0		other	0
evnka101_1passive	391	Sound	standard	4625546	0	1			0		other	0
evnka101_1passive	392	Sound	standard	4637816	0	2			0		other	0
evnka101_1passive	393	Sound	standard	4650546	0	2			0		other	0
evnka101_1passive	394	Sound	standard	4663086	0	2			0		other	0
evnka101_1passive	395	Sound	standard	4675756	0	2			0		other	0
evnka101_1passive	396	Sound	standard	4687826	0	2			0		other	0
evnka101_1passive	397	Sound	standard	4700026	0	2			0		other	0
evnka101_1passive	398	Sound	standard	4711216	0	1			0		other	0
evnka101_1passive	399	Sound	deviant	4723076	0	1			0		other	0
evnka101_1passive	400	Sound	standard	4735755	0	1			0		other	0
evnka101_1passive	401	Sound	standard	4747225	0	2			0		other	0
evnka101_1passive	402	Sound	standard	4758255	0	1			0		other	0
evnka101_1passive	403	Sound	standard	4770115	0	2			0		other	0
evnka101_1passive	404	Sound	standard	4782235	0	2			0		other	0
evnka101_1passive	405	Sound	standard	4794966	0	1			0		other	0
evnka101_1passive	406	Sound	standard	4807075	0	1			0		other	0
evnka101_1passive	407	Sound	standard	4819455	0	2			0		other	0
evnka101_1passive	408	Sound	standard	4830805	0	1			0		other	0
evnka101_1passive	409	Sound	standard	4841814	0	2			0		other	0
evnka101_1passive	410	Sound	standard	4854194	0	2			0		other	0
evnka101_1passive	411	Sound	standard	4865894	0	2			0		other	0
evnka101_1passive	412	Sound	deviant	4877454	0	1			0		other	0
evnka101_1passive	413	Sound	standard	4888753	0	2			0		other	0
evnka101_1passive	414	Sound	standard	4900183	0	1			0		other	0
evnka101_1passive	415	Sound	standard	4911992	0	2			0		other	0
evnka101_1passive	416	Sound	standard	4923352	0	2			0		other	0
evnka101_1passive	417	Sound	standard	4935682	0	2			0		other	0
evnka101_1passive	418	Sound	standard	4946832	0	1			0		other	0
evnka101_1passive	419	Sound	standard	4959411	0	2			0		other	0
evnka101_1passive	420	Sound	standard	4971532	0	1			0		other	0
evnka101_1passive	421	Sound	standard	4982651	0	1			0		other	0
evnka101_1passive	422	Sound	standard	4995271	0	2			0		other	0
evnka101_1passive	423	Sound	deviant	5007381	0	1			0		other	0
evnka101_1passive	424	Sound	standard	5018670	0	2			0		other	0
evnka101_1passive	425	Sound	standard	5029970	0	1			0		other	0
evnka101_1passive	426	Sound	standard	5042259	0	1			0		other	0
evnka101_1passive	427	Sound	deviant	5053109	0	2			0		other	0
evnka101_1passive	428	Sound	standard	5064369	0	1			0		other	0
evnka101_1passive	429	Sound	standard	5075728	0	2			0		other	0
evnka101_1passive	430	Sound	standard	5087658	0	2			0		other	0
evnka101_1passive	431	Sound	deviant	5099298	0	1			0		other	0
evnka101_1passive	432	Sound	standard	5111969	0	1			0		other	0
evnka101_1passive	433	Sound	standard	5124078	0	2			0		other	0
evnka101_1passive	434	Sound	standard	5135918	0	2			0		other	0
evnka101_1passive	435	Sound	standard	5148368	0	2			0		other	0
evnka101_1passive	436	Sound	standard	5160038	0	1			0		other	0
evnka101_1passive	437	Sound	deviant	5171248	0	1			0		other	0
evnka101_1passive	438	Sound	standard	5183567	0	1			0		other	0
evnka101_1passive	439	Sound	standard	5194957	0	1			0		other	0
evnka101_1passive	440	Sound	standard	5206577	0	1			0		other	0
evnka101_1passive	441	Sound	deviant	5219297	0	1			0		other	0
evnka101_1passive	442	Sound	standard	5230297	0	1			0		other	0
evnka101_1passive	443	Sound	standard	5241637	0	2			0		other	0
evnka101_1passive	444	Sound	standard	5254187	0	1			0		other	0
evnka101_1passive	445	Sound	standard	5265837	0	2			0		other	0
evnka101_1passive	446	Sound	deviant	5278208	0	1			0		other	0
evnka101_1passive	447	Sound	standard	5290727	0	2			0		other	0
evnka101_1passive	448	Sound	standard	5301747	0	2			0		other	0
evnka101_1passive	449	Sound	standard	5313367	0	2			0		other	0
evnka101_1passive	450	Sound	standard	5324457	0	2			0		other	0
evnka101_1passive	451	Sound	deviant	5335217	0	2			0		other	0
evnka101_1passive	452	Sound	standard	5346727	0	1			0		other	0
evnka101_1passive	453	Sound	standard	5359096	0	2			0		other	0
evnka101_1passive	454	Sound	standard	5370806	0	2			0		other	0
evnka101_1passive	455	Sound	standard	5382986	0	2			0		other	0
evnka101_1passive	456	Sound	standard	5394956	0	1			0		other	0
evnka101_1passive	457	Sound	standard	5406455	0	1			0		other	0
evnka101_1passive	458	Sound	deviant	5418095	0	1			0		other	0
evnka101_1passive	459	Sound	standard	5430075	0	2			0		other	0
evnka101_1passive	460	Sound	standard	5441845	0	2			0		other	0
evnka101_1passive	461	Sound	standard	5452995	0	1			0		other	0
evnka101_1passive	462	Sound	standard	5464765	0	2			0		other	0
evnka101_1passive	463	Sound	deviant	5477395	0	1			0		other	0
evnka101_1passive	464	Sound	standard	5489246	0	1			0		other	0
evnka101_1passive	465	Sound	standard	5500375	0	2			0		other	0
evnka101_1passive	466	Sound	standard	5512675	0	2			0		other	0
evnka101_1passive	467	Sound	standard	5525405	0	1			0		other	0
evnka101_1passive	468	Sound	standard	5537856	0	1			0		other	0
evnka101_1passive	469	Sound	deviant	5549904	0	2			0		other	0
evnka101_1passive	470	Sound	standard	5561884	0	1			0		other	0
evnka101_1passive	471	Sound	standard	5574634	0	1			0		other	0
evnka101_1passive	472	Sound	standard	5586073	0	1			0		other	0
evnka101_1passive	473	Sound	standard	5598744	0	1			0		other	0
evnka101_1passive	474	Sound	standard	5611013	0	1			0		other	0
evnka101_1passive	475	Sound	deviant	5622492	0	1			0		other	0
evnka101_1passive	476	Sound	standard	5634151	0	2			0		other	0
evnka101_1passive	477	Sound	standard	5645091	0	2			0		other	0
evnka101_1passive	478	Sound	standard	5656541	0	1			0		other	0
evnka101_1passive	479	Sound	standard	5667390	0	2			0		other	0
evnka101_1passive	480	Sound	standard	5679520	0	2			0		other	0
evnka101_1passive	481	Sound	deviant	5691670	0	1			0		other	0
evnka101_1passive	482	Sound	standard	5702840	0	2			0		other	0
evnka101_1passive	483	Sound	standard	5715210	0	1			0		other	0
evnka101_1passive	484	Sound	standard	5726989	0	2			0		other	0
evnka101_1passive	485	Sound	standard	5738069	0	2			0		other	0
evnka101_1passive	486	Sound	standard	5749169	0	2			0		other	0
evnka101_1passive	487	Sound	deviant	5760849	0	2			0		other	0
evnka101_1passive	488	Sound	standard	5772179	0	2			0		other	0
evnka101_1passive	489	Sound	standard	5783539	0	2			0		other	0
evnka101_1passive	490	Sound	standard	5795029	0	1			0		other	0
evnka101_1passive	491	Sound	standard	5805889	0	2			0		other	0
evnka101_1passive	492	Sound	standard	5818009	0	1			0		other	0
evnka101_1passive	493	Sound	standard	5829180	0	1			0		other	0
evnka101_1passive	494	Sound	standard	5840869	0	2			0		other	0
evnka101_1passive	495	Sound	standard	5852989	0	2			0		other	0
evnka101_1passive	496	Sound	deviant	5864399	0	2			0		other	0
evnka101_1passive	497	Sound	standard	5876979	0	2			0		other	0
evnka101_1passive	498	Sound	standard	5889529	0	2			0		other	0
evnka101_1passive	499	Sound	standard	5900459	0	1			0		other	0
evnka101_1passive	500	Sound	deviant	5911228	0	2			0		other	0
evnka101_1passive	501	Sound	standard	5922418	0	2			0		other	0
evnka101_1passive	502	Sound	standard	5934362	0	8			0		other	0
evnka101_1passive	503	Sound	standard	5945428	0	2			0		other	0
evnka101_1passive	504	Sound	standard	5956258	0	1			0		other	0
evnka101_1passive	505	Sound	deviant	5968908	0	2			0		other	0
evnka101_1passive	506	Sound	standard	5981148	0	2			0		other	0
evnka101_1passive	507	Sound	standard	5993508	0	2			0		other	0
evnka101_1passive	508	Sound	standard	6004768	0	1			0		other	0
evnka101_1passive	509	Sound	standard	6016178	0	2			0		other	0
evnka101_1passive	510	Sound	standard	6028128	0	2			0		other	0
evnka101_1passive	511	Sound	standard	6040248	0	2			0		other	0
evnka101_1passive	512	Sound	standard	6051668	0	2			0		other	0
evnka101_1passive	513	Sound	deviant	6063738	0	2			0		other	0
evnka101_1passive	514	Sound	standard	6075688	0	1			0		other	0
evnka101_1passive	515	Sound	standard	6086798	0	2			0		other	0
evnka101_1passive	516	Sound	standard	6099448	0	2			0		other	0
evnka101_1passive	517	Sound	standard	6111748	0	2			0		other	0
evnka101_1passive	518	Sound	deviant	6124178	0	2			0		other	0
evnka101_1passive	519	Sound	standard	6135228	0	1			0		other	0
evnka101_1passive	520	Sound	standard	6146057	0	1			0		other	0
evnka101_1passive	521	Sound	deviant	6157697	0	2			0		other	0
evnka101_1passive	522	Sound	standard	6169517	0	2			0		other	0
evnka101_1passive	523	Sound	standard	6182247	0	1			0		other	0
evnka101_1passive	524	Sound	standard	6193147	0	1			0		other	0
evnka101_1passive	525	Sound	standard	6204597	0	2			0		other	0
evnka101_1passive	526	Sound	standard	6215477	0	1			0		other	0
evnka101_1passive	527	Sound	standard	6227676	0	2			0		other	0
evnka101_1passive	528	Sound	standard	6240136	0	2			0		other	0
evnka101_1passive	529	Sound	standard	6251226	0	1			0		other	0
evnka101_1passive	530	Sound	deviant	6263465	0	1			0		other	0
evnka101_1passive	531	Sound	standard	6275464	0	2			0		other	0
evnka101_1passive	532	Sound	standard	6286674	0	1			0		other	0
evnka101_1passive	533	Sound	standard	6298064	0	2			0		other	0
evnka101_1passive	534	Sound	deviant	6309374	0	1			0		other	0
evnka101_1passive	535	Sound	standard	6321734	0	2			0		other	0
evnka101_1passive	536	Sound	standard	6333464	0	2			0		other	0
evnka101_1passive	537	Sound	deviant	6344794	0	1			0		other	0
evnka101_1passive	538	Sound	standard	6356193	0	2			0		other	0
evnka101_1passive	539	Sound	standard	6368543	0	1			0		other	0
evnka101_1passive	540	Sound	deviant	6379842	0	2			0		other	0
evnka101_1passive	541	Sound	standard	6392442	0	1			0		other	0
evnka101_1passive	542	Sound	standard	6405051	0	2			0		other	0
evnka101_1passive	543	Sound	standard	6415921	0	1			0		other	0
evnka101_1passive	544	Sound	standard	6428361	0	2			0		other	0
evnka101_1passive	545	Sound	standard	6440641	0	2			0		other	0
evnka101_1passive	546	Sound	standard	6453391	0	1			0		other	0
evnka101_1passive	547	Sound	standard	6464490	0	1			0		other	0
evnka101_1passive	548	Sound	standard	6477190	0	2			0		other	0
evnka101_1passive	549	Sound	deviant	6489730	0	1			0		other	0
evnka101_1passive	550	Sound	standard	6501950	0	1			0		other	0
evnka101_1passive	551	Sound	standard	6513949	0	1			0		other	0
evnka101_1passive	552	Sound	standard	6524749	0	2			0		other	0
evnka101_1passive	553	Sound	standard	6535729	0	2			0		other	0
evnka101_1passive	554	Sound	deviant	6547119	0	2			0		other	0
evnka101_1passive	555	Sound	standard	6558239	0	1			0		other	0
evnka101_1passive	556	Sound	standard	6569979	0	2			0		other	0
evnka101_1passive	557	Sound	deviant	6582229	0	1			0		other	0
evnka101_1passive	558	Sound	standard	6593099	0	2			0		other	0
evnka101_1passive	559	Sound	standard	6605649	0	2			0		other	0
evnka101_1passive	560	Sound	standard	6617009	0	2			0		other	0
evnka101_1passive	561	Sound	deviant	6628209	0	1			0		other	0
evnka101_1passive	562	Sound	standard	6639628	0	2			0		other	0
evnka101_1passive	563	Sound	standard	6650758	0	2			0		other	0
evnka101_1passive	564	Sound	standard	6662388	0	1			0		other	0
evnka101_1passive	565	Sound	standard	6673449	0	1			0		other	0
evnka101_1passive	566	Sound	standard	6684287	0	2			0		other	0
evnka101_1passive	567	Sound	standard	6695187	0	2			0		other	0
evnka101_1passive	568	Sound	standard	6707007	0	2			0		other	0
evnka101_1passive	569	Sound	deviant	6718407	0	2			0		other	0
evnka101_1passive	570	Sound	standard	6729667	0	2			0		other	0
evnka101_1passive	571	Sound	standard	6742027	0	2			0		other	0
evnka101_1passive	572	Sound	standard	6753298	0	1			0		other	0
evnka101_1passive	573	Sound	standard	6765767	0	1			0		other	0
evnka101_1passive	574	Sound	standard	6776716	0	2			0		other	0
evnka101_1passive	575	Sound	standard	6788247	0	1			0		other	0
evnka101_1passive	576	Sound	standard	6799536	0	2			0		other	0
evnka101_1passive	577	Sound	standard	6811546	0	2			0		other	0
evnka101_1passive	578	Sound	standard	6823826	0	2			0		other	0
evnka101_1passive	579	Sound	deviant	6835526	0	1			0		other	0
evnka101_1passive	580	Sound	standard	6847475	0	2			0		other	0
evnka101_1passive	581	Sound	standard	6859865	0	1			0		other	0
evnka101_1passive	582	Sound	deviant	6870664	0	1			0		other	0
evnka101_1passive	583	Sound	standard	6881774	0	1			0		other	0
evnka101_1passive	584	Sound	standard	6894193	0	2			0		other	0
evnka101_1passive	585	Sound	standard	6905573	0	2			0		other	0
evnka101_1passive	586	Sound	standard	6916533	0	2			0		other	0
evnka101_1passive	587	Sound	standard	6927533	0	1			0		other	0
evnka101_1passive	588	Sound	standard	6939262	0	2			0		other	0
evnka101_1passive	589	Sound	standard	6950082	0	1			0		other	0
evnka101_1passive	590	Sound	standard	6961661	0	2			0		other	0
evnka101_1passive	591	Sound	standard	6973761	0	2			0		other	0
evnka101_1passive	592	Sound	standard	6984591	0	1			0		other	0
evnka101_1passive	593	Sound	standard	6995500	0	2			0		other	0
evnka101_1passive	594	Sound	standard	7008170	0	2			0		other	0
evnka101_1passive	595	Sound	standard	7018960	0	2			0		other	0
evnka101_1passive	596	Sound	standard	7031670	0	2			0		other	0
evnka101_1passive	597	Sound	standard	7043430	0	1			0		other	0
evnka101_1passive	598	Sound	standard	7055530	0	2			0		other	0
evnka101_1passive	599	Sound	deviant	7067530	0	2			0		other	0
evnka101_1passive	600	Sound	standard	7080020	0	2			0		other	0
evnka101_1passive	601	Sound	standard	7091280	0	2			0		other	0
evnka101_1passive	602	Sound	deviant	7102990	0	1			0		other	0
evnka101_1passive	603	Sound	standard	7115250	0	2			0		other	0
evnka101_1passive	604	Sound	standard	7126460	0	1			0		other	0
evnka101_1passive	605	Sound	standard	7139030	0	2			0		other	0
evnka101_1passive	606	Sound	standard	7149950	0	1			0		other	0
evnka101_1passive	607	Sound	standard	7162540	0	2			0		other	0
evnka101_1passive	608	Sound	deviant	7174320	0	2			0		other	0
evnka101_1passive	609	Sound	standard	7185260	0	1			0		other	0
evnka101_1passive	610	Sound	standard	7197649	0	2			0		other	0
evnka101_1passive	611	Sound	standard	7209399	0	2			0		other	0
evnka101_1passive	612	Sound	standard	7221989	0	2			0		other	0
evnka101_1passive	613	Sound	standard	7234289	0	2			0		other	0
evnka101_1passive	614	Sound	standard	7246519	0	2			0		other	0
evnka101_1passive	615	Sound	standard	7258989	0	2			0		other	0
evnka101_1passive	616	Sound	standard	7271399	0	2			0		other	0
evnka101_1passive	617	Sound	standard	7282419	0	2			0		other	0
evnka101_1passive	618	Sound	standard	7293869	0	2			0		other	0
evnka101_1passive	619	Sound	standard	7305209	0	2			0		other	0
evnka101_1passive	620	Sound	deviant	7317469	0	1			0		other	0
evnka101_1passive	621	Sound	standard	7329639	0	1			0		other	0
evnka101_1passive	622	Sound	standard	7341138	0	1			0		other	0
evnka101_1passive	623	Sound	standard	7351947	0	2			0		other	0
evnka101_1passive	624	Sound	standard	7363697	0	2			0		other	0
evnka101_1passive	625	Sound	standard	7374558	0	1			0		other	0
evnka101_1passive	626	Sound	standard	7386817	0	2			0		other	0
evnka101_1passive	627	Sound	standard	7398337	0	1			0		other	0
evnka101_1passive	628	Sound	standard	7410567	0	2			0		other	0
evnka101_1passive	629	Sound	standard	7422397	0	2			0		other	0
evnka101_1passive	630	Sound	standard	7434077	0	2			0		other	0
evnka101_1passive	631	Sound	standard	7445197	0	2			0		other	0
evnka101_1passive	632	Sound	standard	7457027	0	2			0		other	0
evnka101_1passive	633	Sound	standard	7469497	0	2			0		other	0
evnka101_1passive	634	Sound	standard	7480897	0	2			0		other	0
evnka101_1passive	635	Sound	standard	7492387	0	1			0		other	0
evnka101_1passive	636	Sound	standard	7503807	0	2			0		other	0
evnka101_1passive	637	Sound	standard	7514577	0	2			0		other	0
evnka101_1passive	638	Sound	standard	7527117	0	2			0		other	0
evnka101_1passive	639	Sound	deviant	7539697	0	2			0		other	0
evnka101_1passive	640	Sound	standard	7550467	0	2			0		other	0
evnka101_1passive	641	Sound	standard	7562537	0	2			0		other	0
evnka101_1passive	642	Sound	deviant	7574967	0	1			0		other	0
evnka101_1passive	643	Sound	standard	7587407	0	1			0		other	0
evnka101_1passive	644	Sound	standard	7598226	0	1			0		other	0
evnka101_1passive	645	Sound	standard	7609416	0	2			0		other	0
evnka101_1passive	646	Sound	standard	7621216	0	1			0		other	0
evnka101_1passive	647	Sound	deviant	7633766	0	2			0		other	0
evnka101_1passive	648	Sound	standard	7644686	0	2			0		other	0
evnka101_1passive	649	Sound	standard	7655856	0	2			0		other	0
evnka101_1passive	650	Sound	standard	7667956	0	2			0		other	0
evnka101_1passive	651	Sound	standard	7678886	0	2			0		other	0
evnka101_1passive	652	Sound	standard	7690167	0	1			0		other	0
evnka101_1passive	653	Sound	standard	7701476	0	2			0		other	0
evnka101_1passive	654	Sound	deviant	7714076	0	2			0		other	0
evnka101_1passive	655	Sound	standard	7725416	0	2			0		other	0
evnka101_1passive	656	Sound	standard	7738006	0	2			0		other	0
evnka101_1passive	657	Sound	standard	7749286	0	2			0		other	0
evnka101_1passive	658	Sound	deviant	7760626	0	2			0		other	0
evnka101_1passive	659	Sound	standard	7772546	0	1			0		other	0
evnka101_1passive	660	Sound	standard	7783426	0	2			0		other	0
evnka101_1passive	661	Sound	standard	7795496	0	2			0		other	0
evnka101_1passive	662	Sound	standard	7807556	0	1			0		other	0
evnka101_1passive	663	Sound	standard	7818696	0	1			0		other	0
evnka101_1passive	664	Sound	deviant	7829935	0	2			0		other	0
evnka101_1passive	665	Sound	standard	7840925	0	2			0		other	0
evnka101_1passive	666	Sound	standard	7852395	0	1			0		other	0
